Analysis & Synthesis report for ULA
Thu Oct 31 16:10:24 2019
Quartus II 64-Bit Version 13.1.0 Build 162 10/23/2013 SJ Web Edition


---------------------
; Table of Contents ;
---------------------
  1. Legal Notice
  2. Analysis & Synthesis Summary
  3. Analysis & Synthesis Settings
  4. Parallel Compilation
  5. Analysis & Synthesis Source Files Read
  6. Analysis & Synthesis Resource Usage Summary
  7. Analysis & Synthesis Resource Utilization by Entity
  8. General Register Statistics
  9. Multiplexer Restructuring Statistics (Restructuring Performed)
 10. Elapsed Time Per Partition
 11. Analysis & Synthesis Messages



----------------
; Legal Notice ;
----------------
Copyright (C) 1991-2013 Altera Corporation
Your use of Altera Corporation's design tools, logic functions 
and other software and tools, and its AMPP partner logic 
functions, and any output files from any of the foregoing 
(including device programming or simulation files), and any 
associated documentation or information are expressly subject 
to the terms and conditions of the Altera Program License 
Subscription Agreement, Altera MegaCore Function License 
Agreement, or other applicable license agreement, including, 
without limitation, that your use is for the sole purpose of 
programming logic devices manufactured by Altera and sold by 
Altera or its authorized distributors.  Please refer to the 
applicable agreement for further details.



+---------------------------------------------------------------------------------+
; Analysis & Synthesis Summary                                                    ;
+------------------------------------+--------------------------------------------+
; Analysis & Synthesis Status        ; Successful - Thu Oct 31 16:10:24 2019      ;
; Quartus II 64-Bit Version          ; 13.1.0 Build 162 10/23/2013 SJ Web Edition ;
; Revision Name                      ; ULA                                        ;
; Top-level Entity Name              ; ULA_Seven_Segments_output                  ;
; Family                             ; Cyclone IV GX                              ;
; Total logic elements               ; 113                                        ;
;     Total combinational functions  ; 113                                        ;
;     Dedicated logic registers      ; 0                                          ;
; Total registers                    ; 0                                          ;
; Total pins                         ; 39                                         ;
; Total virtual pins                 ; 0                                          ;
; Total memory bits                  ; 0                                          ;
; Embedded Multiplier 9-bit elements ; 0                                          ;
; Total GXB Receiver Channel PCS     ; 0                                          ;
; Total GXB Receiver Channel PMA     ; 0                                          ;
; Total GXB Transmitter Channel PCS  ; 0                                          ;
; Total GXB Transmitter Channel PMA  ; 0                                          ;
; Total PLLs                         ; 0                                          ;
+------------------------------------+--------------------------------------------+


+-----------------------------------------------------------------------------------------------------------------------------+
; Analysis & Synthesis Settings                                                                                               ;
+----------------------------------------------------------------------------+---------------------------+--------------------+
; Option                                                                     ; Setting                   ; Default Value      ;
+----------------------------------------------------------------------------+---------------------------+--------------------+
; Device                                                                     ; EP4CGX150DF31C7           ;                    ;
; Top-level entity name                                                      ; ULA_Seven_Segments_output ; ULA                ;
; Family name                                                                ; Cyclone IV GX             ; Cyclone IV GX      ;
; Use smart compilation                                                      ; Off                       ; Off                ;
; Enable parallel Assembler and TimeQuest Timing Analyzer during compilation ; On                        ; On                 ;
; Enable compact report table                                                ; Off                       ; Off                ;
; Restructure Multiplexers                                                   ; Auto                      ; Auto               ;
; Create Debugging Nodes for IP Cores                                        ; Off                       ; Off                ;
; Preserve fewer node names                                                  ; On                        ; On                 ;
; Disable OpenCore Plus hardware evaluation                                  ; Off                       ; Off                ;
; Verilog Version                                                            ; Verilog_2001              ; Verilog_2001       ;
; VHDL Version                                                               ; VHDL_1993                 ; VHDL_1993          ;
; State Machine Processing                                                   ; Auto                      ; Auto               ;
; Safe State Machine                                                         ; Off                       ; Off                ;
; Extract Verilog State Machines                                             ; On                        ; On                 ;
; Extract VHDL State Machines                                                ; On                        ; On                 ;
; Ignore Verilog initial constructs                                          ; Off                       ; Off                ;
; Iteration limit for constant Verilog loops                                 ; 5000                      ; 5000               ;
; Iteration limit for non-constant Verilog loops                             ; 250                       ; 250                ;
; Add Pass-Through Logic to Inferred RAMs                                    ; On                        ; On                 ;
; Infer RAMs from Raw Logic                                                  ; On                        ; On                 ;
; Parallel Synthesis                                                         ; On                        ; On                 ;
; DSP Block Balancing                                                        ; Auto                      ; Auto               ;
; NOT Gate Push-Back                                                         ; On                        ; On                 ;
; Power-Up Don't Care                                                        ; On                        ; On                 ;
; Remove Redundant Logic Cells                                               ; Off                       ; Off                ;
; Remove Duplicate Registers                                                 ; On                        ; On                 ;
; Ignore CARRY Buffers                                                       ; Off                       ; Off                ;
; Ignore CASCADE Buffers                                                     ; Off                       ; Off                ;
; Ignore GLOBAL Buffers                                                      ; Off                       ; Off                ;
; Ignore ROW GLOBAL Buffers                                                  ; Off                       ; Off                ;
; Ignore LCELL Buffers                                                       ; Off                       ; Off                ;
; Ignore SOFT Buffers                                                        ; On                        ; On                 ;
; Limit AHDL Integers to 32 Bits                                             ; Off                       ; Off                ;
; Optimization Technique                                                     ; Balanced                  ; Balanced           ;
; Carry Chain Length                                                         ; 70                        ; 70                 ;
; Auto Carry Chains                                                          ; On                        ; On                 ;
; Auto Open-Drain Pins                                                       ; On                        ; On                 ;
; Perform WYSIWYG Primitive Resynthesis                                      ; Off                       ; Off                ;
; Auto ROM Replacement                                                       ; On                        ; On                 ;
; Auto RAM Replacement                                                       ; On                        ; On                 ;
; Auto DSP Block Replacement                                                 ; On                        ; On                 ;
; Auto Shift Register Replacement                                            ; Auto                      ; Auto               ;
; Allow Shift Register Merging across Hierarchies                            ; Auto                      ; Auto               ;
; Auto Clock Enable Replacement                                              ; On                        ; On                 ;
; Strict RAM Replacement                                                     ; Off                       ; Off                ;
; Allow Synchronous Control Signals                                          ; On                        ; On                 ;
; Force Use of Synchronous Clear Signals                                     ; Off                       ; Off                ;
; Auto RAM Block Balancing                                                   ; On                        ; On                 ;
; Auto RAM to Logic Cell Conversion                                          ; Off                       ; Off                ;
; Auto Resource Sharing                                                      ; Off                       ; Off                ;
; Allow Any RAM Size For Recognition                                         ; Off                       ; Off                ;
; Allow Any ROM Size For Recognition                                         ; Off                       ; Off                ;
; Allow Any Shift Register Size For Recognition                              ; Off                       ; Off                ;
; Use LogicLock Constraints during Resource Balancing                        ; On                        ; On                 ;
; Ignore translate_off and synthesis_off directives                          ; Off                       ; Off                ;
; Timing-Driven Synthesis                                                    ; On                        ; On                 ;
; Report Parameter Settings                                                  ; On                        ; On                 ;
; Report Source Assignments                                                  ; On                        ; On                 ;
; Report Connectivity Checks                                                 ; On                        ; On                 ;
; Ignore Maximum Fan-Out Assignments                                         ; Off                       ; Off                ;
; Synchronization Register Chain Length                                      ; 2                         ; 2                  ;
; PowerPlay Power Optimization                                               ; Normal compilation        ; Normal compilation ;
; HDL message level                                                          ; Level2                    ; Level2             ;
; Suppress Register Optimization Related Messages                            ; Off                       ; Off                ;
; Number of Removed Registers Reported in Synthesis Report                   ; 5000                      ; 5000               ;
; Number of Swept Nodes Reported in Synthesis Report                         ; 5000                      ; 5000               ;
; Number of Inverted Registers Reported in Synthesis Report                  ; 100                       ; 100                ;
; Clock MUX Protection                                                       ; On                        ; On                 ;
; Auto Gated Clock Conversion                                                ; Off                       ; Off                ;
; Block Design Naming                                                        ; Auto                      ; Auto               ;
; SDC constraint protection                                                  ; Off                       ; Off                ;
; Synthesis Effort                                                           ; Auto                      ; Auto               ;
; Shift Register Replacement - Allow Asynchronous Clear Signal               ; On                        ; On                 ;
; Pre-Mapping Resynthesis Optimization                                       ; Off                       ; Off                ;
; Analysis & Synthesis Message Level                                         ; Medium                    ; Medium             ;
; Disable Register Merging Across Hierarchies                                ; Auto                      ; Auto               ;
; Resource Aware Inference For Block RAM                                     ; On                        ; On                 ;
; Synthesis Seed                                                             ; 1                         ; 1                  ;
+----------------------------------------------------------------------------+---------------------------+--------------------+


Parallel compilation was disabled, but you have multiple processors available. Enable parallel compilation to reduce compilation time.
+-------------------------------------+
; Parallel Compilation                ;
+----------------------------+--------+
; Processors                 ; Number ;
+----------------------------+--------+
; Number detected on machine ; 4      ;
; Maximum allowed            ; 1      ;
+----------------------------+--------+


+-------------------------------------------------------------------------------------------------------------------------------------------------------------------+
; Analysis & Synthesis Source Files Read                                                                                                                            ;
+----------------------------------+-----------------+------------------------------------+---------------------------------------------------------------+---------+
; File Name with User-Entered Path ; Used in Netlist ; File Type                          ; File Name with Absolute Path                                  ; Library ;
+----------------------------------+-----------------+------------------------------------+---------------------------------------------------------------+---------+
; doubbleDabber.v                  ; yes             ; User Verilog HDL File              ; C:/Users/vinic/Documents/ULA/doubbleDabber.v                  ;         ;
; Full_Adder.bdf                   ; yes             ; User Block Diagram/Schematic File  ; C:/Users/vinic/Documents/ULA/Full_Adder.bdf                   ;         ;
; Seven_bit_Adder.bdf              ; yes             ; User Block Diagram/Schematic File  ; C:/Users/vinic/Documents/ULA/Seven_bit_Adder.bdf              ;         ;
; Full_Subtractor.bdf              ; yes             ; User Block Diagram/Schematic File  ; C:/Users/vinic/Documents/ULA/Full_Subtractor.bdf              ;         ;
; Seven_bit_Subtractor.bdf         ; yes             ; User Block Diagram/Schematic File  ; C:/Users/vinic/Documents/ULA/Seven_bit_Subtractor.bdf         ;         ;
; Subtraction_Overflow.bdf         ; yes             ; User Block Diagram/Schematic File  ; C:/Users/vinic/Documents/ULA/Subtraction_Overflow.bdf         ;         ;
; Full_Swap_Subtractor.bdf         ; yes             ; User Block Diagram/Schematic File  ; C:/Users/vinic/Documents/ULA/Full_Swap_Subtractor.bdf         ;         ;
; Seven_bit_Swap_Subtractor.bdf    ; yes             ; User Block Diagram/Schematic File  ; C:/Users/vinic/Documents/ULA/Seven_bit_Swap_Subtractor.bdf    ;         ;
; Swap_Subtraction_Overflow.bdf    ; yes             ; User Block Diagram/Schematic File  ; C:/Users/vinic/Documents/ULA/Swap_Subtraction_Overflow.bdf    ;         ;
; Equal_Comparator.bdf             ; yes             ; User Block Diagram/Schematic File  ; C:/Users/vinic/Documents/ULA/Equal_Comparator.bdf             ;         ;
; Seven_bit_Equal_Comparator.bdf   ; yes             ; User Block Diagram/Schematic File  ; C:/Users/vinic/Documents/ULA/Seven_bit_Equal_Comparator.bdf   ;         ;
; Seven_bit_Biggest_Comparator.bdf ; yes             ; User Block Diagram/Schematic File  ; C:/Users/vinic/Documents/ULA/Seven_bit_Biggest_Comparator.bdf ;         ;
; Seven_bit_Xor.bdf                ; yes             ; User Block Diagram/Schematic File  ; C:/Users/vinic/Documents/ULA/Seven_bit_Xor.bdf                ;         ;
; Seven_bit_Xnor.bdf               ; yes             ; User Block Diagram/Schematic File  ; C:/Users/vinic/Documents/ULA/Seven_bit_Xnor.bdf               ;         ;
; Xor_entry.bdf                    ; yes             ; User Block Diagram/Schematic File  ; C:/Users/vinic/Documents/ULA/Xor_entry.bdf                    ;         ;
; Xnor_entry.bdf                   ; yes             ; User Block Diagram/Schematic File  ; C:/Users/vinic/Documents/ULA/Xnor_entry.bdf                   ;         ;
; Seven_bit_Mux.bdf                ; yes             ; User Block Diagram/Schematic File  ; C:/Users/vinic/Documents/ULA/Seven_bit_Mux.bdf                ;         ;
; ULA.bdf                          ; yes             ; User Block Diagram/Schematic File  ; C:/Users/vinic/Documents/ULA/ULA.bdf                          ;         ;
; And_Mux.bdf                      ; yes             ; User Block Diagram/Schematic File  ; C:/Users/vinic/Documents/ULA/And_Mux.bdf                      ;         ;
; And_Bus.bdf                      ; yes             ; User Block Diagram/Schematic File  ; C:/Users/vinic/Documents/ULA/And_Bus.bdf                      ;         ;
; Or_Mux.bdf                       ; yes             ; User Block Diagram/Schematic File  ; C:/Users/vinic/Documents/ULA/Or_Mux.bdf                       ;         ;
; Seven_Segment_Display.bdf        ; yes             ; User Block Diagram/Schematic File  ; C:/Users/vinic/Documents/ULA/Seven_Segment_Display.bdf        ;         ;
; BCD_Conversor.bdf                ; yes             ; User Block Diagram/Schematic File  ; C:/Users/vinic/Documents/ULA/BCD_Conversor.bdf                ;         ;
; Twos_Complement.bdf              ; yes             ; User Block Diagram/Schematic File  ; C:/Users/vinic/Documents/ULA/Twos_Complement.bdf              ;         ;
; And_Eleven_bit.bdf               ; yes             ; User Block Diagram/Schematic File  ; C:/Users/vinic/Documents/ULA/And_Eleven_bit.bdf               ;         ;
; And_Mux_BCD.bdf                  ; yes             ; User Block Diagram/Schematic File  ; C:/Users/vinic/Documents/ULA/And_Mux_BCD.bdf                  ;         ;
; Or_Mux_BCD.bdf                   ; yes             ; User Block Diagram/Schematic File  ; C:/Users/vinic/Documents/ULA/Or_Mux_BCD.bdf                   ;         ;
; Mux_BCD.bdf                      ; yes             ; User Block Diagram/Schematic File  ; C:/Users/vinic/Documents/ULA/Mux_BCD.bdf                      ;         ;
; Coversor_Seven_Segments.bdf      ; yes             ; User Block Diagram/Schematic File  ; C:/Users/vinic/Documents/ULA/Coversor_Seven_Segments.bdf      ;         ;
; Display_Signal.bdf               ; yes             ; User Block Diagram/Schematic File  ; C:/Users/vinic/Documents/ULA/Display_Signal.bdf               ;         ;
; ULA_Seven_Segments_output.bdf    ; yes             ; User Block Diagram/Schematic File  ; C:/Users/vinic/Documents/ULA/ULA_Seven_Segments_output.bdf    ;         ;
+----------------------------------+-----------------+------------------------------------+---------------------------------------------------------------+---------+


+-----------------------------------------------------------------------------+
; Analysis & Synthesis Resource Usage Summary                                 ;
+--------------------------+--------------------------------------------------+
; Resource                 ; Usage                                            ;
+--------------------------+--------------------------------------------------+
; I/O pins                 ; 39                                               ;
; DSP block 9-bit elements ; 0                                                ;
; Maximum fan-out node     ; ULA:inst|Seven_bit_Mux:inst|Or_Mux:inst9|inst897 ;
; Maximum fan-out          ; 24                                               ;
; Total fan-out            ; 464                                              ;
; Average fan-out          ; 2.43                                             ;
+--------------------------+--------------------------------------------------+


+--------------------------------------------------------------------------------------------------------------------------------------------------------------------------------------------------------------------------------------------------------------------------------------------------------------------------------+
; Analysis & Synthesis Resource Utilization by Entity                                                                                                                                                                                                                                                                            ;
+---------------------------------------------+-------------------+--------------+-------------+--------------+---------+-----------+-----------+------+--------------+-------------------------------------------------------------------------------------------------------------------------------------------+--------------+
; Compilation Hierarchy Node                  ; LC Combinationals ; LC Registers ; Memory Bits ; DSP Elements ; DSP 9x9 ; DSP 18x18 ; DSP 36x36 ; Pins ; Virtual Pins ; Full Hierarchy Name                                                                                                                       ; Library Name ;
+---------------------------------------------+-------------------+--------------+-------------+--------------+---------+-----------+-----------+------+--------------+-------------------------------------------------------------------------------------------------------------------------------------------+--------------+
; |ULA_Seven_Segments_output                  ; 113 (0)           ; 0 (0)        ; 0           ; 0            ; 0       ; 0         ; 0         ; 39   ; 0            ; |ULA_Seven_Segments_output                                                                                                                ; work         ;
;    |Coversor_Seven_Segments:inst10|         ; 51 (0)            ; 0 (0)        ; 0           ; 0            ; 0       ; 0         ; 0         ; 0    ; 0            ; |ULA_Seven_Segments_output|Coversor_Seven_Segments:inst10                                                                                 ; work         ;
;       |BCD_Conversor:inst|                  ; 37 (0)            ; 0 (0)        ; 0           ; 0            ; 0       ; 0         ; 0         ; 0    ; 0            ; |ULA_Seven_Segments_output|Coversor_Seven_Segments:inst10|BCD_Conversor:inst                                                              ; work         ;
;          |Mux_BCD:inst741|                  ; 14 (0)            ; 0 (0)        ; 0           ; 0            ; 0       ; 0         ; 0         ; 0    ; 0            ; |ULA_Seven_Segments_output|Coversor_Seven_Segments:inst10|BCD_Conversor:inst|Mux_BCD:inst741                                              ; work         ;
;             |Or_Mux_BCD:inst3|              ; 14 (14)           ; 0 (0)        ; 0           ; 0            ; 0       ; 0         ; 0         ; 0    ; 0            ; |ULA_Seven_Segments_output|Coversor_Seven_Segments:inst10|BCD_Conversor:inst|Mux_BCD:inst741|Or_Mux_BCD:inst3                             ; work         ;
;          |Twos_Complement:inst2|            ; 4 (0)             ; 0 (0)        ; 0           ; 0            ; 0       ; 0         ; 0         ; 0    ; 0            ; |ULA_Seven_Segments_output|Coversor_Seven_Segments:inst10|BCD_Conversor:inst|Twos_Complement:inst2                                        ; work         ;
;             |Seven_bit_Adder:inst8|         ; 4 (0)             ; 0 (0)        ; 0           ; 0            ; 0       ; 0         ; 0         ; 0    ; 0            ; |ULA_Seven_Segments_output|Coversor_Seven_Segments:inst10|BCD_Conversor:inst|Twos_Complement:inst2|Seven_bit_Adder:inst8                  ; work         ;
;                |Full_Adder:inst2|           ; 2 (2)             ; 0 (0)        ; 0           ; 0            ; 0       ; 0         ; 0         ; 0    ; 0            ; |ULA_Seven_Segments_output|Coversor_Seven_Segments:inst10|BCD_Conversor:inst|Twos_Complement:inst2|Seven_bit_Adder:inst8|Full_Adder:inst2 ; work         ;
;                |Full_Adder:inst4|           ; 1 (1)             ; 0 (0)        ; 0           ; 0            ; 0       ; 0         ; 0         ; 0    ; 0            ; |ULA_Seven_Segments_output|Coversor_Seven_Segments:inst10|BCD_Conversor:inst|Twos_Complement:inst2|Seven_bit_Adder:inst8|Full_Adder:inst4 ; work         ;
;                |Full_Adder:inst5|           ; 1 (1)             ; 0 (0)        ; 0           ; 0            ; 0       ; 0         ; 0         ; 0    ; 0            ; |ULA_Seven_Segments_output|Coversor_Seven_Segments:inst10|BCD_Conversor:inst|Twos_Complement:inst2|Seven_bit_Adder:inst8|Full_Adder:inst5 ; work         ;
;          |bin2bcd:inst1|                    ; 7 (7)             ; 0 (0)        ; 0           ; 0            ; 0       ; 0         ; 0         ; 0    ; 0            ; |ULA_Seven_Segments_output|Coversor_Seven_Segments:inst10|BCD_Conversor:inst|bin2bcd:inst1                                                ; work         ;
;          |bin2bcd:inst84132|                ; 12 (12)           ; 0 (0)        ; 0           ; 0            ; 0       ; 0         ; 0         ; 0    ; 0            ; |ULA_Seven_Segments_output|Coversor_Seven_Segments:inst10|BCD_Conversor:inst|bin2bcd:inst84132                                            ; work         ;
;       |Seven_Segment_Display:inst6|         ; 7 (7)             ; 0 (0)        ; 0           ; 0            ; 0       ; 0         ; 0         ; 0    ; 0            ; |ULA_Seven_Segments_output|Coversor_Seven_Segments:inst10|Seven_Segment_Display:inst6                                                     ; work         ;
;       |Seven_Segment_Display:inst7|         ; 7 (7)             ; 0 (0)        ; 0           ; 0            ; 0       ; 0         ; 0         ; 0    ; 0            ; |ULA_Seven_Segments_output|Coversor_Seven_Segments:inst10|Seven_Segment_Display:inst7                                                     ; work         ;
;    |ULA:inst|                               ; 62 (0)            ; 0 (0)        ; 0           ; 0            ; 0       ; 0         ; 0         ; 0    ; 0            ; |ULA_Seven_Segments_output|ULA:inst                                                                                                       ; work         ;
;       |Seven_bit_Adder:inst1|               ; 6 (0)             ; 0 (0)        ; 0           ; 0            ; 0       ; 0         ; 0         ; 0    ; 0            ; |ULA_Seven_Segments_output|ULA:inst|Seven_bit_Adder:inst1                                                                                 ; work         ;
;          |Full_Adder:inst1|                 ; 1 (1)             ; 0 (0)        ; 0           ; 0            ; 0       ; 0         ; 0         ; 0    ; 0            ; |ULA_Seven_Segments_output|ULA:inst|Seven_bit_Adder:inst1|Full_Adder:inst1                                                                ; work         ;
;          |Full_Adder:inst2|                 ; 1 (1)             ; 0 (0)        ; 0           ; 0            ; 0       ; 0         ; 0         ; 0    ; 0            ; |ULA_Seven_Segments_output|ULA:inst|Seven_bit_Adder:inst1|Full_Adder:inst2                                                                ; work         ;
;          |Full_Adder:inst4|                 ; 1 (1)             ; 0 (0)        ; 0           ; 0            ; 0       ; 0         ; 0         ; 0    ; 0            ; |ULA_Seven_Segments_output|ULA:inst|Seven_bit_Adder:inst1|Full_Adder:inst4                                                                ; work         ;
;          |Full_Adder:inst5|                 ; 2 (2)             ; 0 (0)        ; 0           ; 0            ; 0       ; 0         ; 0         ; 0    ; 0            ; |ULA_Seven_Segments_output|ULA:inst|Seven_bit_Adder:inst1|Full_Adder:inst5                                                                ; work         ;
;          |Full_Adder:inst|                  ; 1 (1)             ; 0 (0)        ; 0           ; 0            ; 0       ; 0         ; 0         ; 0    ; 0            ; |ULA_Seven_Segments_output|ULA:inst|Seven_bit_Adder:inst1|Full_Adder:inst                                                                 ; work         ;
;       |Seven_bit_Biggest_Comparator:inst6|  ; 17 (0)            ; 0 (0)        ; 0           ; 0            ; 0       ; 0         ; 0         ; 0    ; 0            ; |ULA_Seven_Segments_output|ULA:inst|Seven_bit_Biggest_Comparator:inst6                                                                    ; work         ;
;          |Seven_bit_Equal_Comparator:inst2| ; 9 (2)             ; 0 (0)        ; 0           ; 0            ; 0       ; 0         ; 0         ; 0    ; 0            ; |ULA_Seven_Segments_output|ULA:inst|Seven_bit_Biggest_Comparator:inst6|Seven_bit_Equal_Comparator:inst2                                   ; work         ;
;             |Equal_Comparator:inst2|        ; 1 (1)             ; 0 (0)        ; 0           ; 0            ; 0       ; 0         ; 0         ; 0    ; 0            ; |ULA_Seven_Segments_output|ULA:inst|Seven_bit_Biggest_Comparator:inst6|Seven_bit_Equal_Comparator:inst2|Equal_Comparator:inst2            ; work         ;
;             |Equal_Comparator:inst3|        ; 1 (1)             ; 0 (0)        ; 0           ; 0            ; 0       ; 0         ; 0         ; 0    ; 0            ; |ULA_Seven_Segments_output|ULA:inst|Seven_bit_Biggest_Comparator:inst6|Seven_bit_Equal_Comparator:inst2|Equal_Comparator:inst3            ; work         ;
;             |Equal_Comparator:inst4|        ; 1 (1)             ; 0 (0)        ; 0           ; 0            ; 0       ; 0         ; 0         ; 0    ; 0            ; |ULA_Seven_Segments_output|ULA:inst|Seven_bit_Biggest_Comparator:inst6|Seven_bit_Equal_Comparator:inst2|Equal_Comparator:inst4            ; work         ;
;             |Equal_Comparator:inst5|        ; 1 (1)             ; 0 (0)        ; 0           ; 0            ; 0       ; 0         ; 0         ; 0    ; 0            ; |ULA_Seven_Segments_output|ULA:inst|Seven_bit_Biggest_Comparator:inst6|Seven_bit_Equal_Comparator:inst2|Equal_Comparator:inst5            ; work         ;
;             |Equal_Comparator:inst6|        ; 1 (1)             ; 0 (0)        ; 0           ; 0            ; 0       ; 0         ; 0         ; 0    ; 0            ; |ULA_Seven_Segments_output|ULA:inst|Seven_bit_Biggest_Comparator:inst6|Seven_bit_Equal_Comparator:inst2|Equal_Comparator:inst6            ; work         ;
;             |Equal_Comparator:inst7|        ; 1 (1)             ; 0 (0)        ; 0           ; 0            ; 0       ; 0         ; 0         ; 0    ; 0            ; |ULA_Seven_Segments_output|ULA:inst|Seven_bit_Biggest_Comparator:inst6|Seven_bit_Equal_Comparator:inst2|Equal_Comparator:inst7            ; work         ;
;             |Equal_Comparator:inst|         ; 1 (1)             ; 0 (0)        ; 0           ; 0            ; 0       ; 0         ; 0         ; 0    ; 0            ; |ULA_Seven_Segments_output|ULA:inst|Seven_bit_Biggest_Comparator:inst6|Seven_bit_Equal_Comparator:inst2|Equal_Comparator:inst             ; work         ;
;          |Seven_bit_Subtractor:inst6|       ; 8 (0)             ; 0 (0)        ; 0           ; 0            ; 0       ; 0         ; 0         ; 0    ; 0            ; |ULA_Seven_Segments_output|ULA:inst|Seven_bit_Biggest_Comparator:inst6|Seven_bit_Subtractor:inst6                                         ; work         ;
;             |Full_Subtractor:inst10|        ; 2 (2)             ; 0 (0)        ; 0           ; 0            ; 0       ; 0         ; 0         ; 0    ; 0            ; |ULA_Seven_Segments_output|ULA:inst|Seven_bit_Biggest_Comparator:inst6|Seven_bit_Subtractor:inst6|Full_Subtractor:inst10                  ; work         ;
;             |Full_Subtractor:inst11|        ; 1 (1)             ; 0 (0)        ; 0           ; 0            ; 0       ; 0         ; 0         ; 0    ; 0            ; |ULA_Seven_Segments_output|ULA:inst|Seven_bit_Biggest_Comparator:inst6|Seven_bit_Subtractor:inst6|Full_Subtractor:inst11                  ; work         ;
;             |Full_Subtractor:inst12|        ; 2 (2)             ; 0 (0)        ; 0           ; 0            ; 0       ; 0         ; 0         ; 0    ; 0            ; |ULA_Seven_Segments_output|ULA:inst|Seven_bit_Biggest_Comparator:inst6|Seven_bit_Subtractor:inst6|Full_Subtractor:inst12                  ; work         ;
;             |Full_Subtractor:inst13|        ; 1 (1)             ; 0 (0)        ; 0           ; 0            ; 0       ; 0         ; 0         ; 0    ; 0            ; |ULA_Seven_Segments_output|ULA:inst|Seven_bit_Biggest_Comparator:inst6|Seven_bit_Subtractor:inst6|Full_Subtractor:inst13                  ; work         ;
;             |Full_Subtractor:inst14|        ; 1 (1)             ; 0 (0)        ; 0           ; 0            ; 0       ; 0         ; 0         ; 0    ; 0            ; |ULA_Seven_Segments_output|ULA:inst|Seven_bit_Biggest_Comparator:inst6|Seven_bit_Subtractor:inst6|Full_Subtractor:inst14                  ; work         ;
;             |Full_Subtractor:inst9|         ; 1 (1)             ; 0 (0)        ; 0           ; 0            ; 0       ; 0         ; 0         ; 0    ; 0            ; |ULA_Seven_Segments_output|ULA:inst|Seven_bit_Biggest_Comparator:inst6|Seven_bit_Subtractor:inst6|Full_Subtractor:inst9                   ; work         ;
;       |Seven_bit_Mux:inst|                  ; 32 (3)            ; 0 (0)        ; 0           ; 0            ; 0       ; 0         ; 0         ; 0    ; 0            ; |ULA_Seven_Segments_output|ULA:inst|Seven_bit_Mux:inst                                                                                    ; work         ;
;          |And_Mux:inst2|                    ; 2 (0)             ; 0 (0)        ; 0           ; 0            ; 0       ; 0         ; 0         ; 0    ; 0            ; |ULA_Seven_Segments_output|ULA:inst|Seven_bit_Mux:inst|And_Mux:inst2                                                                      ; work         ;
;             |And_Bus:inst3|                 ; 2 (2)             ; 0 (0)        ; 0           ; 0            ; 0       ; 0         ; 0         ; 0    ; 0            ; |ULA_Seven_Segments_output|ULA:inst|Seven_bit_Mux:inst|And_Mux:inst2|And_Bus:inst3                                                        ; work         ;
;          |And_Mux:inst5|                    ; 3 (0)             ; 0 (0)        ; 0           ; 0            ; 0       ; 0         ; 0         ; 0    ; 0            ; |ULA_Seven_Segments_output|ULA:inst|Seven_bit_Mux:inst|And_Mux:inst5                                                                      ; work         ;
;             |And_Bus:inst3|                 ; 3 (3)             ; 0 (0)        ; 0           ; 0            ; 0       ; 0         ; 0         ; 0    ; 0            ; |ULA_Seven_Segments_output|ULA:inst|Seven_bit_Mux:inst|And_Mux:inst5|And_Bus:inst3                                                        ; work         ;
;          |And_Mux:inst|                     ; 8 (5)             ; 0 (0)        ; 0           ; 0            ; 0       ; 0         ; 0         ; 0    ; 0            ; |ULA_Seven_Segments_output|ULA:inst|Seven_bit_Mux:inst|And_Mux:inst                                                                       ; work         ;
;             |And_Bus:inst3|                 ; 3 (3)             ; 0 (0)        ; 0           ; 0            ; 0       ; 0         ; 0         ; 0    ; 0            ; |ULA_Seven_Segments_output|ULA:inst|Seven_bit_Mux:inst|And_Mux:inst|And_Bus:inst3                                                         ; work         ;
;          |Or_Mux:inst9|                     ; 16 (16)           ; 0 (0)        ; 0           ; 0            ; 0       ; 0         ; 0         ; 0    ; 0            ; |ULA_Seven_Segments_output|ULA:inst|Seven_bit_Mux:inst|Or_Mux:inst9                                                                       ; work         ;
;       |Seven_bit_Subtractor:inst8|          ; 1 (0)             ; 0 (0)        ; 0           ; 0            ; 0       ; 0         ; 0         ; 0    ; 0            ; |ULA_Seven_Segments_output|ULA:inst|Seven_bit_Subtractor:inst8                                                                            ; work         ;
;          |Full_Subtractor:inst13|           ; 1 (1)             ; 0 (0)        ; 0           ; 0            ; 0       ; 0         ; 0         ; 0    ; 0            ; |ULA_Seven_Segments_output|ULA:inst|Seven_bit_Subtractor:inst8|Full_Subtractor:inst13                                                     ; work         ;
;       |Seven_bit_Swap_Subtractor:inst3|     ; 6 (0)             ; 0 (0)        ; 0           ; 0            ; 0       ; 0         ; 0         ; 0    ; 0            ; |ULA_Seven_Segments_output|ULA:inst|Seven_bit_Swap_Subtractor:inst3                                                                       ; work         ;
;          |Full_Swap_Subtractor:inst2|       ; 1 (1)             ; 0 (0)        ; 0           ; 0            ; 0       ; 0         ; 0         ; 0    ; 0            ; |ULA_Seven_Segments_output|ULA:inst|Seven_bit_Swap_Subtractor:inst3|Full_Swap_Subtractor:inst2                                            ; work         ;
;          |Full_Swap_Subtractor:inst3|       ; 3 (3)             ; 0 (0)        ; 0           ; 0            ; 0       ; 0         ; 0         ; 0    ; 0            ; |ULA_Seven_Segments_output|ULA:inst|Seven_bit_Swap_Subtractor:inst3|Full_Swap_Subtractor:inst3                                            ; work         ;
;          |Full_Swap_Subtractor:inst5|       ; 1 (1)             ; 0 (0)        ; 0           ; 0            ; 0       ; 0         ; 0         ; 0    ; 0            ; |ULA_Seven_Segments_output|ULA:inst|Seven_bit_Swap_Subtractor:inst3|Full_Swap_Subtractor:inst5                                            ; work         ;
;          |Full_Swap_Subtractor:inst|        ; 1 (1)             ; 0 (0)        ; 0           ; 0            ; 0       ; 0         ; 0         ; 0    ; 0            ; |ULA_Seven_Segments_output|ULA:inst|Seven_bit_Swap_Subtractor:inst3|Full_Swap_Subtractor:inst                                             ; work         ;
+---------------------------------------------+-------------------+--------------+-------------+--------------+---------+-----------+-----------+------+--------------+-------------------------------------------------------------------------------------------------------------------------------------------+--------------+
Note: For table entries with two numbers listed, the numbers in parentheses indicate the number of resources of the given type used by the specific entity alone. The numbers listed outside of parentheses indicate the total resources of the given type used by the specific entity and all of its sub-entities in the hierarchy.


+------------------------------------------------------+
; General Register Statistics                          ;
+----------------------------------------------+-------+
; Statistic                                    ; Value ;
+----------------------------------------------+-------+
; Total registers                              ; 0     ;
; Number of registers using Synchronous Clear  ; 0     ;
; Number of registers using Synchronous Load   ; 0     ;
; Number of registers using Asynchronous Clear ; 0     ;
; Number of registers using Asynchronous Load  ; 0     ;
; Number of registers using Clock Enable       ; 0     ;
; Number of registers using Preset             ; 0     ;
+----------------------------------------------+-------+


+---------------------------------------------------------------------------------------------------------------------------------------------------------------------------------------------------------------------------------------+
; Multiplexer Restructuring Statistics (Restructuring Performed)                                                                                                                                                                        ;
+--------------------+-----------+---------------+----------------------+------------------------+------------+-------------------------------------------------------------------------------------------------------------------------+
; Multiplexer Inputs ; Bus Width ; Baseline Area ; Area if Restructured ; Saving if Restructured ; Registered ; Example Multiplexer Output                                                                                              ;
+--------------------+-----------+---------------+----------------------+------------------------+------------+-------------------------------------------------------------------------------------------------------------------------+
; 4:1                ; 4 bits    ; 8 LEs         ; 8 LEs                ; 0 LEs                  ; No         ; |ULA_Seven_Segments_output|Coversor_Seven_Segments:inst10|BCD_Conversor:inst|Mux_BCD:inst741|Or_Mux_BCD:inst3|inst18221 ;
; 4:1                ; 3 bits    ; 6 LEs         ; 6 LEs                ; 0 LEs                  ; No         ; |ULA_Seven_Segments_output|Coversor_Seven_Segments:inst10|BCD_Conversor:inst|Mux_BCD:inst741|Or_Mux_BCD:inst3|inst897   ;
+--------------------+-----------+---------------+----------------------+------------------------+------------+-------------------------------------------------------------------------------------------------------------------------+


+-------------------------------+
; Elapsed Time Per Partition    ;
+----------------+--------------+
; Partition Name ; Elapsed Time ;
+----------------+--------------+
; Top            ; 00:00:01     ;
+----------------+--------------+


+-------------------------------+
; Analysis & Synthesis Messages ;
+-------------------------------+
Info: *******************************************************************
Info: Running Quartus II 64-Bit Analysis & Synthesis
    Info: Version 13.1.0 Build 162 10/23/2013 SJ Web Edition
    Info: Processing started: Thu Oct 31 16:10:20 2019
Info: Command: quartus_map --read_settings_files=on --write_settings_files=off ULA -c ULA
Warning (20028): Parallel compilation is not licensed and has been disabled
Info (12021): Found 2 design units, including 2 entities, in source file doubbledabber.v
    Info (12023): Found entity 1: bin2bcd
    Info (12023): Found entity 2: tb_bin2bcd
Warning (12019): Can't analyze file -- file bin2bcd.vhd is missing
Info (12021): Found 1 design units, including 1 entities, in source file full_adder.bdf
    Info (12023): Found entity 1: Full_Adder
Info (12021): Found 1 design units, including 1 entities, in source file seven_bit_adder.bdf
    Info (12023): Found entity 1: Seven_bit_Adder
Info (12021): Found 1 design units, including 1 entities, in source file full_subtractor.bdf
    Info (12023): Found entity 1: Full_Subtractor
Info (12021): Found 1 design units, including 1 entities, in source file seven_bit_subtractor.bdf
    Info (12023): Found entity 1: Seven_bit_Subtractor
Info (12021): Found 1 design units, including 1 entities, in source file subtraction_overflow.bdf
    Info (12023): Found entity 1: Subtraction_Overflow
Info (12021): Found 1 design units, including 1 entities, in source file full_swap_subtractor.bdf
    Info (12023): Found entity 1: Full_Swap_Subtractor
Info (12021): Found 1 design units, including 1 entities, in source file seven_bit_swap_subtractor.bdf
    Info (12023): Found entity 1: Seven_bit_Swap_Subtractor
Info (12021): Found 1 design units, including 1 entities, in source file swap_subtraction_overflow.bdf
    Info (12023): Found entity 1: Swap_Subtraction_Overflow
Info (12021): Found 1 design units, including 1 entities, in source file equal_comparator.bdf
    Info (12023): Found entity 1: Equal_Comparator
Info (12021): Found 1 design units, including 1 entities, in source file seven_bit_equal_comparator.bdf
    Info (12023): Found entity 1: Seven_bit_Equal_Comparator
Info (12021): Found 1 design units, including 1 entities, in source file seven_bit_biggest_comparator.bdf
    Info (12023): Found entity 1: Seven_bit_Biggest_Comparator
Info (12021): Found 1 design units, including 1 entities, in source file seven_bit_xor.bdf
    Info (12023): Found entity 1: Seven_bit_Xor
Info (12021): Found 1 design units, including 1 entities, in source file seven_bit_xnor.bdf
    Info (12023): Found entity 1: Seven_bit_Xnor
Info (12021): Found 1 design units, including 1 entities, in source file xor_entry.bdf
    Info (12023): Found entity 1: Xor_entry
Info (12021): Found 1 design units, including 1 entities, in source file xnor_entry.bdf
    Info (12023): Found entity 1: Xnor_entry
Info (12021): Found 1 design units, including 1 entities, in source file seven_bit_mux.bdf
    Info (12023): Found entity 1: Seven_bit_Mux
Info (12021): Found 1 design units, including 1 entities, in source file ula.bdf
    Info (12023): Found entity 1: ULA
Info (12021): Found 1 design units, including 1 entities, in source file and_mux.bdf
    Info (12023): Found entity 1: And_Mux
Info (12021): Found 1 design units, including 1 entities, in source file and_bus.bdf
    Info (12023): Found entity 1: And_Bus
Info (12021): Found 1 design units, including 1 entities, in source file or_mux.bdf
    Info (12023): Found entity 1: Or_Mux
Info (12021): Found 1 design units, including 1 entities, in source file seven_segment_display.bdf
    Info (12023): Found entity 1: Seven_Segment_Display
Info (12021): Found 1 design units, including 1 entities, in source file bcd_conversor.bdf
    Info (12023): Found entity 1: BCD_Conversor
Info (12021): Found 1 design units, including 1 entities, in source file twos_complement.bdf
    Info (12023): Found entity 1: Twos_Complement
Info (12021): Found 1 design units, including 1 entities, in source file and_eleven_bit.bdf
    Info (12023): Found entity 1: And_Eleven_bit
Info (12021): Found 1 design units, including 1 entities, in source file and_mux_bcd.bdf
    Info (12023): Found entity 1: And_Mux_BCD
Info (12021): Found 1 design units, including 1 entities, in source file or_mux_bcd.bdf
    Info (12023): Found entity 1: Or_Mux_BCD
Info (12021): Found 1 design units, including 1 entities, in source file mux_bcd.bdf
    Info (12023): Found entity 1: Mux_BCD
Info (12021): Found 1 design units, including 1 entities, in source file coversor_seven_segments.bdf
    Info (12023): Found entity 1: Coversor_Seven_Segments
Info (12021): Found 1 design units, including 1 entities, in source file led.bdf
    Info (12023): Found entity 1: Led
Info (12021): Found 1 design units, including 1 entities, in source file display_signal.bdf
    Info (12023): Found entity 1: Display_Signal
Info (12021): Found 1 design units, including 1 entities, in source file ula_seven_segments_output.bdf
    Info (12023): Found entity 1: ULA_Seven_Segments_output
Info (12127): Elaborating entity "ULA_Seven_Segments_output" for the top level hierarchy
Info (12128): Elaborating entity "ULA" for hierarchy "ULA:inst"
Info (12128): Elaborating entity "Seven_bit_Mux" for hierarchy "ULA:inst|Seven_bit_Mux:inst"
Info (12128): Elaborating entity "Or_Mux" for hierarchy "ULA:inst|Seven_bit_Mux:inst|Or_Mux:inst9"
Info (12128): Elaborating entity "And_Mux" for hierarchy "ULA:inst|Seven_bit_Mux:inst|And_Mux:inst"
Info (12128): Elaborating entity "And_Bus" for hierarchy "ULA:inst|Seven_bit_Mux:inst|And_Mux:inst|And_Bus:inst3"
Info (12128): Elaborating entity "Seven_bit_Equal_Comparator" for hierarchy "ULA:inst|Seven_bit_Equal_Comparator:inst7"
Info (12128): Elaborating entity "Equal_Comparator" for hierarchy "ULA:inst|Seven_bit_Equal_Comparator:inst7|Equal_Comparator:inst5"
Info (12128): Elaborating entity "Seven_bit_Biggest_Comparator" for hierarchy "ULA:inst|Seven_bit_Biggest_Comparator:inst6"
Warning (275011): Block or symbol "NOT" of instance "inst9" overlaps another block or symbol
Info (12128): Elaborating entity "Seven_bit_Subtractor" for hierarchy "ULA:inst|Seven_bit_Biggest_Comparator:inst6|Seven_bit_Subtractor:inst6"
Info (12128): Elaborating entity "Subtraction_Overflow" for hierarchy "ULA:inst|Seven_bit_Biggest_Comparator:inst6|Seven_bit_Subtractor:inst6|Subtraction_Overflow:inst18"
Info (12128): Elaborating entity "Full_Subtractor" for hierarchy "ULA:inst|Seven_bit_Biggest_Comparator:inst6|Seven_bit_Subtractor:inst6|Full_Subtractor:inst14"
Info (12128): Elaborating entity "Seven_bit_Adder" for hierarchy "ULA:inst|Seven_bit_Adder:inst1"
Info (12128): Elaborating entity "Full_Adder" for hierarchy "ULA:inst|Seven_bit_Adder:inst1|Full_Adder:inst"
Info (12128): Elaborating entity "Seven_bit_Swap_Subtractor" for hierarchy "ULA:inst|Seven_bit_Swap_Subtractor:inst3"
Info (12128): Elaborating entity "Swap_Subtraction_Overflow" for hierarchy "ULA:inst|Seven_bit_Swap_Subtractor:inst3|Swap_Subtraction_Overflow:inst7"
Info (12128): Elaborating entity "Full_Swap_Subtractor" for hierarchy "ULA:inst|Seven_bit_Swap_Subtractor:inst3|Full_Swap_Subtractor:inst"
Info (12128): Elaborating entity "Seven_bit_Xor" for hierarchy "ULA:inst|Seven_bit_Xor:inst4"
Info (12128): Elaborating entity "Xor_entry" for hierarchy "ULA:inst|Seven_bit_Xor:inst4|Xor_entry:inst7"
Info (12128): Elaborating entity "Seven_bit_Xnor" for hierarchy "ULA:inst|Seven_bit_Xnor:inst5"
Info (12128): Elaborating entity "Xnor_entry" for hierarchy "ULA:inst|Seven_bit_Xnor:inst5|Xnor_entry:inst12"
Info (12128): Elaborating entity "Coversor_Seven_Segments" for hierarchy "Coversor_Seven_Segments:inst10"
Info (12128): Elaborating entity "Display_Signal" for hierarchy "Coversor_Seven_Segments:inst10|Display_Signal:inst5"
Info (12128): Elaborating entity "BCD_Conversor" for hierarchy "Coversor_Seven_Segments:inst10|BCD_Conversor:inst"
Warning (275011): Block or symbol "Mux_BCD" of instance "inst741" overlaps another block or symbol
Info (12128): Elaborating entity "Mux_BCD" for hierarchy "Coversor_Seven_Segments:inst10|BCD_Conversor:inst|Mux_BCD:inst741"
Info (12128): Elaborating entity "Or_Mux_BCD" for hierarchy "Coversor_Seven_Segments:inst10|BCD_Conversor:inst|Mux_BCD:inst741|Or_Mux_BCD:inst3"
Info (12128): Elaborating entity "And_Mux_BCD" for hierarchy "Coversor_Seven_Segments:inst10|BCD_Conversor:inst|Mux_BCD:inst741|And_Mux_BCD:inst"
Info (12128): Elaborating entity "And_Eleven_bit" for hierarchy "Coversor_Seven_Segments:inst10|BCD_Conversor:inst|Mux_BCD:inst741|And_Mux_BCD:inst|And_Eleven_bit:inst14"
Info (12128): Elaborating entity "bin2bcd" for hierarchy "Coversor_Seven_Segments:inst10|BCD_Conversor:inst|bin2bcd:inst84132"
Warning (10230): Verilog HDL assignment warning at doubbleDabber.v(19): truncated value with size 32 to match size of target (4)
Warning (10230): Verilog HDL assignment warning at doubbleDabber.v(25): truncated value with size 32 to match size of target (4)
Warning (10230): Verilog HDL assignment warning at doubbleDabber.v(27): truncated value with size 32 to match size of target (4)
Info (12128): Elaborating entity "Twos_Complement" for hierarchy "Coversor_Seven_Segments:inst10|BCD_Conversor:inst|Twos_Complement:inst2"
Info (12128): Elaborating entity "Seven_Segment_Display" for hierarchy "Coversor_Seven_Segments:inst10|Seven_Segment_Display:inst7"
Info (286030): Timing-Driven Synthesis is running
Info (16010): Generating hard_block partition "hard_block:auto_generated_inst"
    Info (16011): Adding 0 node(s), including 0 DDIO, 0 PLL, 0 transceiver and 0 LCELL
Info (21057): Implemented 152 device resources after synthesis - the final resource count might be different
    Info (21058): Implemented 17 input pins
    Info (21059): Implemented 22 output pins
    Info (21061): Implemented 113 logic cells
Info: Quartus II 64-Bit Analysis & Synthesis was successful. 0 errors, 7 warnings
    Info: Peak virtual memory: 4680 megabytes
    Info: Processing ended: Thu Oct 31 16:10:24 2019
    Info: Elapsed time: 00:00:04
    Info: Total CPU time (on all processors): 00:00:04


