Flow report for ULA
Thu Oct 31 16:11:17 2019
Quartus II 64-Bit Version 13.1.0 Build 162 10/23/2013 SJ Web Edition


---------------------
; Table of Contents ;
---------------------
  1. Legal Notice
  2. Flow Summary
  3. Flow Settings
  4. Flow Non-Default Global Settings
  5. Flow Elapsed Time
  6. Flow OS Summary
  7. Flow Log
  8. Flow Messages
  9. Flow Suppressed Messages



----------------
; Legal Notice ;
----------------
Copyright (C) 1991-2013 Altera Corporation
Your use of Altera Corporation's design tools, logic functions 
and other software and tools, and its AMPP partner logic 
functions, and any output files from any of the foregoing 
(including device programming or simulation files), and any 
associated documentation or information are expressly subject 
to the terms and conditions of the Altera Program License 
Subscription Agreement, Altera MegaCore Function License 
Agreement, or other applicable license agreement, including, 
without limitation, that your use is for the sole purpose of 
programming logic devices manufactured by Altera and sold by 
Altera or its authorized distributors.  Please refer to the 
applicable agreement for further details.



+---------------------------------------------------------------------------------+
; Flow Summary                                                                    ;
+------------------------------------+--------------------------------------------+
; Flow Status                        ; Successful - Thu Oct 31 16:11:17 2019      ;
; Quartus II 64-Bit Version          ; 13.1.0 Build 162 10/23/2013 SJ Web Edition ;
; Revision Name                      ; ULA                                        ;
; Top-level Entity Name              ; ULA_Seven_Segments_output                  ;
; Family                             ; Cyclone IV GX                              ;
; Device                             ; EP4CGX150DF31C7                            ;
; Timing Models                      ; Final                                      ;
; Total logic elements               ; 113 / 149,760 ( < 1 % )                    ;
;     Total combinational functions  ; 113 / 149,760 ( < 1 % )                    ;
;     Dedicated logic registers      ; 0 / 149,760 ( 0 % )                        ;
; Total registers                    ; 0                                          ;
; Total pins                         ; 39 / 508 ( 8 % )                           ;
; Total virtual pins                 ; 0                                          ;
; Total memory bits                  ; 0 / 6,635,520 ( 0 % )                      ;
; Embedded Multiplier 9-bit elements ; 0 / 720 ( 0 % )                            ;
; Total GXB Receiver Channel PCS     ; 0 / 8 ( 0 % )                              ;
; Total GXB Receiver Channel PMA     ; 0 / 8 ( 0 % )                              ;
; Total GXB Transmitter Channel PCS  ; 0 / 8 ( 0 % )                              ;
; Total GXB Transmitter Channel PMA  ; 0 / 8 ( 0 % )                              ;
; Total PLLs                         ; 0 / 8 ( 0 % )                              ;
+------------------------------------+--------------------------------------------+


+-----------------------------------------+
; Flow Settings                           ;
+-------------------+---------------------+
; Option            ; Setting             ;
+-------------------+---------------------+
; Start date & time ; 10/31/2019 16:10:20 ;
; Main task         ; Compilation         ;
; Revision Name     ; ULA                 ;
+-------------------+---------------------+


+--------------------------------------------------------------------------------------------------------------------------------------------------+
; Flow Non-Default Global Settings                                                                                                                 ;
+-------------------------------------+-----------------------------------------------+---------------+---------------------------+----------------+
; Assignment Name                     ; Value                                         ; Default Value ; Entity Name               ; Section Id     ;
+-------------------------------------+-----------------------------------------------+---------------+---------------------------+----------------+
; COMPILER_SIGNATURE_ID               ; 35201820315564.157254902013892                ; --            ; --                        ; --             ;
; EDA_GENERATE_FUNCTIONAL_NETLIST     ; On                                            ; --            ; --                        ; eda_simulation ;
; EDA_NETLIST_WRITER_OUTPUT_DIR       ; C:/Users/vinic/Documents/ULA/simulation/qsim/ ; --            ; --                        ; eda_simulation ;
; EDA_OUTPUT_DATA_FORMAT              ; Verilog Hdl                                   ; --            ; --                        ; eda_simulation ;
; EDA_SIMULATION_TOOL                 ; ModelSim-Altera (Verilog)                     ; <None>        ; --                        ; --             ;
; MAX_CORE_JUNCTION_TEMP              ; 85                                            ; --            ; --                        ; --             ;
; MIN_CORE_JUNCTION_TEMP              ; 0                                             ; --            ; --                        ; --             ;
; NOMINAL_CORE_SUPPLY_VOLTAGE         ; 1.2V                                          ; --            ; --                        ; --             ;
; PARTITION_COLOR                     ; 16764057                                      ; --            ; ULA_Seven_Segments_output ; Top            ;
; PARTITION_FITTER_PRESERVATION_LEVEL ; PLACEMENT_AND_ROUTING                         ; --            ; ULA_Seven_Segments_output ; Top            ;
; PARTITION_NETLIST_TYPE              ; SOURCE                                        ; --            ; ULA_Seven_Segments_output ; Top            ;
; POWER_BOARD_THERMAL_MODEL           ; None (CONSERVATIVE)                           ; --            ; --                        ; --             ;
; POWER_PRESET_COOLING_SOLUTION       ; 23 MM HEAT SINK WITH 200 LFPM AIRFLOW         ; --            ; --                        ; --             ;
; PROJECT_OUTPUT_DIRECTORY            ; output_files                                  ; --            ; --                        ; --             ;
; TOP_LEVEL_ENTITY                    ; ULA_Seven_Segments_output                     ; ULA           ; --                        ; --             ;
+-------------------------------------+-----------------------------------------------+---------------+---------------------------+----------------+


+-------------------------------------------------------------------------------------------------------------------------------+
; Flow Elapsed Time                                                                                                             ;
+---------------------------+--------------+-------------------------+---------------------+------------------------------------+
; Module Name               ; Elapsed Time ; Average Processors Used ; Peak Virtual Memory ; Total CPU Time (on all processors) ;
+---------------------------+--------------+-------------------------+---------------------+------------------------------------+
; Analysis & Synthesis      ; 00:00:03     ; 1.0                     ; 4669 MB             ; 00:00:03                           ;
; Fitter                    ; 00:00:30     ; 1.0                     ; 5241 MB             ; 00:00:30                           ;
; Assembler                 ; 00:00:10     ; 1.0                     ; 4666 MB             ; 00:00:10                           ;
; TimeQuest Timing Analyzer ; 00:00:04     ; 1.0                     ; 4706 MB             ; 00:00:04                           ;
; EDA Netlist Writer        ; 00:00:01     ; 1.0                     ; 4605 MB             ; 00:00:01                           ;
; Total                     ; 00:00:48     ; --                      ; --                  ; 00:00:48                           ;
+---------------------------+--------------+-------------------------+---------------------+------------------------------------+


+----------------------------------------------------------------------------------------+
; Flow OS Summary                                                                        ;
+---------------------------+------------------+-----------+------------+----------------+
; Module Name               ; Machine Hostname ; OS Name   ; OS Version ; Processor type ;
+---------------------------+------------------+-----------+------------+----------------+
; Analysis & Synthesis      ; DESKTOP-G00MKJ8  ; Windows 7 ; 6.2        ; x86_64         ;
; Fitter                    ; DESKTOP-G00MKJ8  ; Windows 7 ; 6.2        ; x86_64         ;
; Assembler                 ; DESKTOP-G00MKJ8  ; Windows 7 ; 6.2        ; x86_64         ;
; TimeQuest Timing Analyzer ; DESKTOP-G00MKJ8  ; Windows 7 ; 6.2        ; x86_64         ;
; EDA Netlist Writer        ; DESKTOP-G00MKJ8  ; Windows 7 ; 6.2        ; x86_64         ;
+---------------------------+------------------+-----------+------------+----------------+


------------
; Flow Log ;
------------
quartus_map --read_settings_files=on --write_settings_files=off ULA -c ULA
quartus_fit --read_settings_files=off --write_settings_files=off ULA -c ULA
quartus_asm --read_settings_files=off --write_settings_files=off ULA -c ULA
quartus_sta ULA -c ULA
quartus_eda --read_settings_files=off --write_settings_files=off ULA -c ULA



